\BOOKMARK [0][]{section*.1}{\315ndice de Tablas}{}% 1
\BOOKMARK [0][]{section*.2}{\315ndice de Figuras}{}% 2
\BOOKMARK [0][]{chapter.1}{1 Introducci\363n}{}% 3
\BOOKMARK [1][]{section.1.1}{1.1 Antecedentes y motivaci\363n}{chapter.1}% 4
\BOOKMARK [1][]{section.1.2}{1.2 Objetivos y alcance del proyecto}{chapter.1}% 5
\BOOKMARK [2][]{subsection.1.2.1}{1.2.1 Objetivo general}{section.1.2}% 6
\BOOKMARK [2][]{subsection.1.2.2}{1.2.2 Objetivos espec\355ficos}{section.1.2}% 7
\BOOKMARK [2][]{subsection.1.2.3}{1.2.3 Alcances}{section.1.2}% 8
\BOOKMARK [0][]{chapter.2}{2 Marco Te\363rico}{}% 9
\BOOKMARK [1][]{section.2.1}{2.1 Fabricaci\363n aditiva}{chapter.2}% 10
\BOOKMARK [1][]{section.2.2}{2.2 Impresi\363n 3D}{chapter.2}% 11
\BOOKMARK [2][]{subsection.2.2.1}{2.2.1 Historia de la impresi\363n 3D}{section.2.2}% 12
\BOOKMARK [2][]{subsection.2.2.2}{2.2.2 Tecnolog\355as de impresi\363n 3D}{section.2.2}% 13
\BOOKMARK [2][]{subsection.2.2.3}{2.2.3 Impresoras 3D de Modelado por Deposici\363n Fundida}{section.2.2}% 14
\BOOKMARK [2][]{subsection.2.2.4}{2.2.4 Tipolog\355as de impresi\363n 3D de Modelado por Deposici\363n Fundida}{section.2.2}% 15
\BOOKMARK [1][]{section.2.3}{2.3 Mantenimiento}{chapter.2}% 16
\BOOKMARK [2][]{subsection.2.3.1}{2.3.1 Historia y evoluci\363n del mantenimiento}{section.2.3}% 17
\BOOKMARK [2][]{subsection.2.3.2}{2.3.2 Mantenimiento correctivo}{section.2.3}% 18
\BOOKMARK [2][]{subsection.2.3.3}{2.3.3 Mantenimiento preventivo}{section.2.3}% 19
\BOOKMARK [2][]{subsection.2.3.4}{2.3.4 Mantenimiento centrado en la condici\363n}{section.2.3}% 20
\BOOKMARK [2][]{subsection.2.3.5}{2.3.5 Mantenimiento centrado en la confiabilidad}{section.2.3}% 21
\BOOKMARK [2][]{subsection.2.3.6}{2.3.6 Confiabilidad}{section.2.3}% 22
\BOOKMARK [1][]{section.2.4}{2.4 Metodolog\355as \341giles}{chapter.2}% 23
\BOOKMARK [2][]{subsection.2.4.1}{2.4.1 Design Thinking}{section.2.4}% 24
\BOOKMARK [2][]{subsection.2.4.2}{2.4.2 Fases del Design Thinking}{section.2.4}% 25
\BOOKMARK [1][]{section.2.5}{2.5 Herramientas de software}{chapter.2}% 26
\BOOKMARK [2][]{subsection.2.5.1}{2.5.1 Lenguajes de programaci\363n orientada a objetos}{section.2.5}% 27
\BOOKMARK [2][]{subsection.2.5.2}{2.5.2 Lenguajes de hojas de estilo}{section.2.5}% 28
\BOOKMARK [2][]{subsection.2.5.3}{2.5.3 Bases de datos}{section.2.5}% 29
\BOOKMARK [2][]{subsection.2.5.4}{2.5.4 Arquitectura Cliente-Servidor}{section.2.5}% 30
\BOOKMARK [2][]{subsection.2.5.5}{2.5.5 Interfaz de Programaci\363n de Aplicaciones}{section.2.5}% 31
\BOOKMARK [2][]{subsection.2.5.6}{2.5.6 Ordenadores de placa reducida}{section.2.5}% 32
\BOOKMARK [0][]{chapter.3}{3 Estado del Arte}{}% 33
\BOOKMARK [1][]{section.3.1}{3.1 Gesti\363n de la producci\363n en la fabricaci\363n aditiva}{chapter.3}% 34
\BOOKMARK [1][]{section.3.2}{3.2 Gesti\363n del mantenimiento basado en la teor\355a de la confiabilidad}{chapter.3}% 35
\BOOKMARK [1][]{section.3.3}{3.3 Tecnolog\355as innovadoras que utilicen Gesti\363n del mantenimiento Asistido por Computadora.}{chapter.3}% 36
\BOOKMARK [0][]{chapter.4}{4 Desarrollo del proyecto}{}% 37
\BOOKMARK [1][]{section.4.1}{4.1 Antecedentes de la empresa}{chapter.4}% 38
\BOOKMARK [2][]{subsection.4.1.1}{4.1.1 Descripci\363n de la empresa}{section.4.1}% 39
\BOOKMARK [1][]{section.4.2}{4.2 Descripci\363n del Problema}{chapter.4}% 40
\BOOKMARK [1][]{section.4.3}{4.3 \040Aplicaci\363n de mantenimiento basado en la teor\355a de la confiabilidad}{chapter.4}% 41
\BOOKMARK [2][]{subsection.4.3.1}{4.3.1 Selecci\363n del equipo}{section.4.3}% 42
\BOOKMARK [2][]{subsection.4.3.2}{4.3.2 Descripci\363n del equipo}{section.4.3}% 43
\BOOKMARK [2][]{subsection.4.3.3}{4.3.3 Contexto Operacional}{section.4.3}% 44
\BOOKMARK [2][]{subsection.4.3.4}{4.3.4 Delimitaci\363n de funciones}{section.4.3}% 45
\BOOKMARK [2][]{subsection.4.3.5}{4.3.5 Determinaci\363n de fallas}{section.4.3}% 46
\BOOKMARK [2][]{subsection.4.3.6}{4.3.6 An\341lisis de Modos y Efectos de Falla}{section.4.3}% 47
\BOOKMARK [2][]{subsection.4.3.7}{4.3.7 An\341lisis de confiabilidad m\351todo de Weibull}{section.4.3}% 48
\BOOKMARK [1][]{section.4.4}{4.4 Plan de Mantenimiento}{chapter.4}% 49
\BOOKMARK [1][]{section.4.5}{4.5 Aplicaci\363n de metodolog\355a Design Thinking para el desarrollo de Aplicaci\363n Web}{chapter.4}% 50
\BOOKMARK [2][]{subsection.4.5.1}{4.5.1 Situaci\363n actual}{section.4.5}% 51
\BOOKMARK [2][]{subsection.4.5.2}{4.5.2 Planificaci\363n del marco de trabajo}{section.4.5}% 52
\BOOKMARK [2][]{subsection.4.5.3}{4.5.3 Empatizar}{section.4.5}% 53
\BOOKMARK [2][]{subsection.4.5.4}{4.5.4 Definir}{section.4.5}% 54
\BOOKMARK [2][]{subsection.4.5.5}{4.5.5 Investigar}{section.4.5}% 55
\BOOKMARK [2][]{subsection.4.5.6}{4.5.6 Idear}{section.4.5}% 56
\BOOKMARK [2][]{subsection.4.5.7}{4.5.7 Prototipar}{section.4.5}% 57
\BOOKMARK [2][]{subsection.4.5.8}{4.5.8 Implementar y testear}{section.4.5}% 58
\BOOKMARK [0][]{chapter*.139}{Conclusiones}{}% 59
\BOOKMARK [0][]{section*.141}{Ap\351ndices}{}% 60
\BOOKMARK [0][]{chapter*.142}{Ap\351ndice}{}% 61
\BOOKMARK [1][]{section.4.6}{4.6 Registro y levantamiento de informaci\363n}{chapter*.142}% 62
\BOOKMARK [1][]{section.4.7}{4.7 An\341lisis de Weibull}{chapter*.142}% 63
